{"/Users/victorliu/Desktop/product-reviews-victor/client/src/components/App.jsx": {"path":"/Users/victorliu/Desktop/product-reviews-victor/client/src/components/App.jsx","statementMap":{"0":{"start":{"line":9,"column":18},"end":{"line":15,"column":1}},"1":{"start":{"line":19,"column":4},"end":{"line":19,"column":17}},"2":{"start":{"line":23,"column":4},"end":{"line":28,"column":6}}},"fnMap":{"0":{"name":"(anonymous_0)","decl":{"start":{"line":18,"column":2},"end":{"line":18,"column":3}},"loc":{"start":{"line":18,"column":21},"end":{"line":20,"column":3}},"line":18},"1":{"name":"(anonymous_1)","decl":{"start":{"line":22,"column":2},"end":{"line":22,"column":3}},"loc":{"start":{"line":22,"column":11},"end":{"line":29,"column":3}},"line":22}},"branchMap":{},"s":{"0":1,"1":1,"2":1},"f":{"0":1,"1":1},"b":{},"_coverageSchema":"43e27e138ebf9cfc5966b082cf9a028302ed4184","hash":"06749c12b7cdfcfb1489d837e118dbc85fdad07d"}
,"/Users/victorliu/Desktop/product-reviews-victor/client/src/components/Reviews/Review.style.js": {"path":"/Users/victorliu/Desktop/product-reviews-victor/client/src/components/Reviews/Review.style.js","statementMap":{"0":{"start":{"line":3,"column":21},"end":{"line":8,"column":1}},"1":{"start":{"line":10,"column":20},"end":{"line":12,"column":1}}},"fnMap":{},"branchMap":{},"s":{"0":2,"1":2},"f":{},"b":{},"_coverageSchema":"43e27e138ebf9cfc5966b082cf9a028302ed4184","hash":"40b292a0b7761694a6072b6b00d0a082c20a171d"}
,"/Users/victorliu/Desktop/product-reviews-victor/client/src/components/Reviews/Reviews.jsx": {"path":"/Users/victorliu/Desktop/product-reviews-victor/client/src/components/Reviews/Reviews.jsx","statementMap":{"0":{"start":{"line":13,"column":4},"end":{"line":13,"column":17}},"1":{"start":{"line":17,"column":4},"end":{"line":24,"column":6}}},"fnMap":{"0":{"name":"(anonymous_0)","decl":{"start":{"line":12,"column":2},"end":{"line":12,"column":3}},"loc":{"start":{"line":12,"column":21},"end":{"line":14,"column":3}},"line":12},"1":{"name":"(anonymous_1)","decl":{"start":{"line":16,"column":2},"end":{"line":16,"column":3}},"loc":{"start":{"line":16,"column":11},"end":{"line":25,"column":3}},"line":16}},"branchMap":{},"s":{"0":1,"1":1},"f":{"0":1,"1":1},"b":{},"_coverageSchema":"43e27e138ebf9cfc5966b082cf9a028302ed4184","hash":"8ca49ff85a9b5f9f41a8d4bb7739dbc85d78f006"}
,"/Users/victorliu/Desktop/product-reviews-victor/client/src/components/Reviews/Images/Images.jsx": {"path":"/Users/victorliu/Desktop/product-reviews-victor/client/src/components/Reviews/Images/Images.jsx","statementMap":{"0":{"start":{"line":7,"column":14},"end":{"line":7,"column":30}},"1":{"start":{"line":11,"column":4},"end":{"line":11,"column":17}},"2":{"start":{"line":12,"column":4},"end":{"line":14,"column":6}},"3":{"start":{"line":18,"column":4},"end":{"line":22,"column":9}},"4":{"start":{"line":21,"column":8},"end":{"line":21,"column":54}},"5":{"start":{"line":26,"column":4},"end":{"line":38,"column":6}}},"fnMap":{"0":{"name":"(anonymous_0)","decl":{"start":{"line":10,"column":2},"end":{"line":10,"column":3}},"loc":{"start":{"line":10,"column":21},"end":{"line":15,"column":3}},"line":10},"1":{"name":"(anonymous_1)","decl":{"start":{"line":17,"column":2},"end":{"line":17,"column":3}},"loc":{"start":{"line":17,"column":22},"end":{"line":23,"column":3}},"line":17},"2":{"name":"(anonymous_2)","decl":{"start":{"line":19,"column":12},"end":{"line":19,"column":13}},"loc":{"start":{"line":19,"column":21},"end":{"line":22,"column":7}},"line":19},"3":{"name":"(anonymous_3)","decl":{"start":{"line":25,"column":2},"end":{"line":25,"column":3}},"loc":{"start":{"line":25,"column":11},"end":{"line":39,"column":3}},"line":25}},"branchMap":{},"s":{"0":3,"1":1,"2":1,"3":1,"4":0,"5":1},"f":{"0":1,"1":1,"2":0,"3":1},"b":{},"_coverageSchema":"43e27e138ebf9cfc5966b082cf9a028302ed4184","hash":"360116e7eb4f5ec85ef5e8fb226c460fd67294fc"}
,"/Users/victorliu/Desktop/product-reviews-victor/client/src/components/Reviews/Images/Images.style.js": {"path":"/Users/victorliu/Desktop/product-reviews-victor/client/src/components/Reviews/Images/Images.style.js","statementMap":{"0":{"start":{"line":3,"column":20},"end":{"line":11,"column":1}},"1":{"start":{"line":13,"column":21},"end":{"line":22,"column":1}},"2":{"start":{"line":24,"column":19},"end":{"line":26,"column":1}}},"fnMap":{},"branchMap":{},"s":{"0":3,"1":3,"2":3},"f":{},"b":{},"_coverageSchema":"43e27e138ebf9cfc5966b082cf9a028302ed4184","hash":"5212e8a244ae7c76674d9952a5cc55b3456c7b07"}
,"/Users/victorliu/Desktop/product-reviews-victor/client/src/components/Reviews/Mention/Buttons.jsx": {"path":"/Users/victorliu/Desktop/product-reviews-victor/client/src/components/Reviews/Mention/Buttons.jsx","statementMap":{"0":{"start":{"line":6,"column":4},"end":{"line":6,"column":17}},"1":{"start":{"line":7,"column":4},"end":{"line":10,"column":6}},"2":{"start":{"line":11,"column":4},"end":{"line":11,"column":51}},"3":{"start":{"line":15,"column":4},"end":{"line":18,"column":7}},"4":{"start":{"line":22,"column":20},"end":{"line":22,"column":60}},"5":{"start":{"line":23,"column":21},"end":{"line":23,"column":61}},"6":{"start":{"line":24,"column":18},"end":{"line":33,"column":5}},"7":{"start":{"line":34,"column":22},"end":{"line":37,"column":38}},"8":{"start":{"line":38,"column":4},"end":{"line":47,"column":6}}},"fnMap":{"0":{"name":"(anonymous_0)","decl":{"start":{"line":5,"column":2},"end":{"line":5,"column":3}},"loc":{"start":{"line":5,"column":21},"end":{"line":12,"column":3}},"line":5},"1":{"name":"(anonymous_1)","decl":{"start":{"line":14,"column":2},"end":{"line":14,"column":3}},"loc":{"start":{"line":14,"column":16},"end":{"line":19,"column":3}},"line":14},"2":{"name":"(anonymous_2)","decl":{"start":{"line":21,"column":2},"end":{"line":21,"column":3}},"loc":{"start":{"line":21,"column":11},"end":{"line":48,"column":3}},"line":21}},"branchMap":{"0":{"loc":{"start":{"line":22,"column":20},"end":{"line":22,"column":60}},"type":"cond-expr","locations":[{"start":{"line":22,"column":39},"end":{"line":22,"column":48}},{"start":{"line":22,"column":51},"end":{"line":22,"column":60}}],"line":22},"1":{"loc":{"start":{"line":23,"column":21},"end":{"line":23,"column":61}},"type":"cond-expr","locations":[{"start":{"line":23,"column":44},"end":{"line":23,"column":51}},{"start":{"line":23,"column":54},"end":{"line":23,"column":61}}],"line":23}},"s":{"0":1,"1":1,"2":1,"3":0,"4":1,"5":1,"6":1,"7":1,"8":1},"f":{"0":1,"1":0,"2":1},"b":{"0":[1,0],"1":[1,0]},"_coverageSchema":"43e27e138ebf9cfc5966b082cf9a028302ed4184","hash":"899bb91b2493a5451e052c381f1e5b229f4ec707"}
,"/Users/victorliu/Desktop/product-reviews-victor/client/src/components/Reviews/Mention/Mention.jsx": {"path":"/Users/victorliu/Desktop/product-reviews-victor/client/src/components/Reviews/Mention/Mention.jsx","statementMap":{"0":{"start":{"line":13,"column":4},"end":{"line":35,"column":6}}},"fnMap":{"0":{"name":"(anonymous_0)","decl":{"start":{"line":12,"column":2},"end":{"line":12,"column":3}},"loc":{"start":{"line":12,"column":11},"end":{"line":36,"column":3}},"line":12}},"branchMap":{},"s":{"0":1},"f":{"0":1},"b":{},"_coverageSchema":"43e27e138ebf9cfc5966b082cf9a028302ed4184","hash":"f5f739fbc32d6241f5a038a124cf2e7b939ddb87"}
,"/Users/victorliu/Desktop/product-reviews-victor/client/src/components/Reviews/Mention/Mention.style.js": {"path":"/Users/victorliu/Desktop/product-reviews-victor/client/src/components/Reviews/Mention/Mention.style.js","statementMap":{"0":{"start":{"line":3,"column":21},"end":{"line":12,"column":1}},"1":{"start":{"line":14,"column":25},"end":{"line":18,"column":1}}},"fnMap":{},"branchMap":{},"s":{"0":3,"1":3},"f":{},"b":{},"_coverageSchema":"43e27e138ebf9cfc5966b082cf9a028302ed4184","hash":"4473935b42d12d3603bfc8fa03b8beb1f4fc9cd4"}
,"/Users/victorliu/Desktop/product-reviews-victor/client/src/components/Reviews/ReviewList/ReviewList.jsx": {"path":"/Users/victorliu/Desktop/product-reviews-victor/client/src/components/Reviews/ReviewList/ReviewList.jsx","statementMap":{"0":{"start":{"line":12,"column":4},"end":{"line":109,"column":6}}},"fnMap":{"0":{"name":"(anonymous_0)","decl":{"start":{"line":11,"column":2},"end":{"line":11,"column":3}},"loc":{"start":{"line":11,"column":11},"end":{"line":110,"column":3}},"line":11}},"branchMap":{},"s":{"0":1},"f":{"0":1},"b":{},"_coverageSchema":"43e27e138ebf9cfc5966b082cf9a028302ed4184","hash":"090b7b6eec48523a41ff0e715ca6813e86c2163b"}
,"/Users/victorliu/Desktop/product-reviews-victor/client/src/components/Reviews/ReviewList/ReviewList.style.js": {"path":"/Users/victorliu/Desktop/product-reviews-victor/client/src/components/Reviews/ReviewList/ReviewList.style.js","statementMap":{"0":{"start":{"line":3,"column":22},"end":{"line":22,"column":1}},"1":{"start":{"line":24,"column":22},"end":{"line":27,"column":1}},"2":{"start":{"line":29,"column":23},"end":{"line":33,"column":1}},"3":{"start":{"line":35,"column":21},"end":{"line":44,"column":1}},"4":{"start":{"line":46,"column":23},"end":{"line":49,"column":1}},"5":{"start":{"line":51,"column":21},"end":{"line":53,"column":1}}},"fnMap":{},"branchMap":{},"s":{"0":3,"1":3,"2":3,"3":3,"4":3,"5":3},"f":{},"b":{},"_coverageSchema":"43e27e138ebf9cfc5966b082cf9a028302ed4184","hash":"eba1a85fbf1b9d4d1d1e11199e6e6016b9fa7000"}
,"/Users/victorliu/Desktop/product-reviews-victor/client/src/components/Reviews/WriteReview/WriteReview.jsx": {"path":"/Users/victorliu/Desktop/product-reviews-victor/client/src/components/Reviews/WriteReview/WriteReview.jsx","statementMap":{"0":{"start":{"line":8,"column":4},"end":{"line":18,"column":6}}},"fnMap":{"0":{"name":"(anonymous_0)","decl":{"start":{"line":7,"column":2},"end":{"line":7,"column":3}},"loc":{"start":{"line":7,"column":11},"end":{"line":19,"column":3}},"line":7}},"branchMap":{},"s":{"0":1},"f":{"0":1},"b":{},"_coverageSchema":"43e27e138ebf9cfc5966b082cf9a028302ed4184","hash":"34dd7001973363f511a1f21c45cc765a9914b075"}
,"/Users/victorliu/Desktop/product-reviews-victor/client/src/components/Reviews/WriteReview/WriteReview.style.js": {"path":"/Users/victorliu/Desktop/product-reviews-victor/client/src/components/Reviews/WriteReview/WriteReview.style.js","statementMap":{"0":{"start":{"line":3,"column":20},"end":{"line":11,"column":1}},"1":{"start":{"line":13,"column":22},"end":{"line":25,"column":1}}},"fnMap":{},"branchMap":{},"s":{"0":3,"1":3},"f":{},"b":{},"_coverageSchema":"43e27e138ebf9cfc5966b082cf9a028302ed4184","hash":"9334e6fd092db83d7fb4fd4cf18068ac4d959b25"}
,"/Users/victorliu/Desktop/product-reviews-victor/client/src/components/Sidebar/Sidebar.jsx": {"path":"/Users/victorliu/Desktop/product-reviews-victor/client/src/components/Sidebar/Sidebar.jsx","statementMap":{"0":{"start":{"line":11,"column":14},"end":{"line":17,"column":1}},"1":{"start":{"line":21,"column":4},"end":{"line":21,"column":17}},"2":{"start":{"line":25,"column":4},"end":{"line":40,"column":6}}},"fnMap":{"0":{"name":"(anonymous_0)","decl":{"start":{"line":20,"column":2},"end":{"line":20,"column":3}},"loc":{"start":{"line":20,"column":21},"end":{"line":22,"column":3}},"line":20},"1":{"name":"(anonymous_1)","decl":{"start":{"line":24,"column":2},"end":{"line":24,"column":3}},"loc":{"start":{"line":24,"column":11},"end":{"line":41,"column":3}},"line":24}},"branchMap":{},"s":{"0":2,"1":1,"2":1},"f":{"0":1,"1":1},"b":{},"_coverageSchema":"43e27e138ebf9cfc5966b082cf9a028302ed4184","hash":"d00c5bce47feb071832f9f927fcbac7c70facf74"}
,"/Users/victorliu/Desktop/product-reviews-victor/client/src/components/Sidebar/Feature/Feature.jsx": {"path":"/Users/victorliu/Desktop/product-reviews-victor/client/src/components/Sidebar/Feature/Feature.jsx","statementMap":{"0":{"start":{"line":9,"column":4},"end":{"line":9,"column":17}},"1":{"start":{"line":13,"column":4},"end":{"line":38,"column":6}}},"fnMap":{"0":{"name":"(anonymous_0)","decl":{"start":{"line":8,"column":2},"end":{"line":8,"column":3}},"loc":{"start":{"line":8,"column":21},"end":{"line":10,"column":3}},"line":8},"1":{"name":"(anonymous_1)","decl":{"start":{"line":12,"column":2},"end":{"line":12,"column":3}},"loc":{"start":{"line":12,"column":11},"end":{"line":39,"column":3}},"line":12}},"branchMap":{},"s":{"0":1,"1":1},"f":{"0":1,"1":1},"b":{},"_coverageSchema":"43e27e138ebf9cfc5966b082cf9a028302ed4184","hash":"a2ecdf4f960cefcccb946bd30d3d64ef10f04f14"}
,"/Users/victorliu/Desktop/product-reviews-victor/client/src/components/Sidebar/Feature/Feature.style.js": {"path":"/Users/victorliu/Desktop/product-reviews-victor/client/src/components/Sidebar/Feature/Feature.style.js","statementMap":{"0":{"start":{"line":3,"column":26},"end":{"line":8,"column":1}},"1":{"start":{"line":10,"column":22},"end":{"line":14,"column":1}},"2":{"start":{"line":16,"column":21},"end":{"line":25,"column":1}},"3":{"start":{"line":27,"column":22},"end":{"line":30,"column":1}},"4":{"start":{"line":32,"column":20},"end":{"line":37,"column":1}}},"fnMap":{},"branchMap":{},"s":{"0":3,"1":3,"2":3,"3":3,"4":3},"f":{},"b":{},"_coverageSchema":"43e27e138ebf9cfc5966b082cf9a028302ed4184","hash":"26fe5e8d29af7cc922af8a763a345c91aed07d6c"}
,"/Users/victorliu/Desktop/product-reviews-victor/client/src/components/Sidebar/Interests/Interests.jsx": {"path":"/Users/victorliu/Desktop/product-reviews-victor/client/src/components/Sidebar/Interests/Interests.jsx","statementMap":{"0":{"start":{"line":9,"column":4},"end":{"line":9,"column":17}},"1":{"start":{"line":13,"column":4},"end":{"line":42,"column":6}}},"fnMap":{"0":{"name":"(anonymous_0)","decl":{"start":{"line":8,"column":2},"end":{"line":8,"column":3}},"loc":{"start":{"line":8,"column":21},"end":{"line":10,"column":3}},"line":8},"1":{"name":"(anonymous_1)","decl":{"start":{"line":12,"column":2},"end":{"line":12,"column":3}},"loc":{"start":{"line":12,"column":11},"end":{"line":43,"column":3}},"line":12}},"branchMap":{},"s":{"0":1,"1":1},"f":{"0":1,"1":1},"b":{},"_coverageSchema":"43e27e138ebf9cfc5966b082cf9a028302ed4184","hash":"a2944d805e96488541cfcc6365a4223aa79867c9"}
,"/Users/victorliu/Desktop/product-reviews-victor/client/src/components/Sidebar/Interests/Interests.style.js": {"path":"/Users/victorliu/Desktop/product-reviews-victor/client/src/components/Sidebar/Interests/Interests.style.js","statementMap":{"0":{"start":{"line":3,"column":26},"end":{"line":8,"column":1}},"1":{"start":{"line":10,"column":22},"end":{"line":14,"column":1}},"2":{"start":{"line":16,"column":22},"end":{"line":34,"column":1}},"3":{"start":{"line":36,"column":21},"end":{"line":45,"column":1}},"4":{"start":{"line":47,"column":22},"end":{"line":50,"column":1}},"5":{"start":{"line":52,"column":23},"end":{"line":57,"column":1}},"6":{"start":{"line":59,"column":26},"end":{"line":62,"column":1}}},"fnMap":{},"branchMap":{},"s":{"0":3,"1":3,"2":3,"3":3,"4":3,"5":3,"6":3},"f":{},"b":{},"_coverageSchema":"43e27e138ebf9cfc5966b082cf9a028302ed4184","hash":"48563175ad9eba8880fe7d109f3c62463e3b33f2"}
,"/Users/victorliu/Desktop/product-reviews-victor/client/src/components/Sidebar/Stars/Stars.jsx": {"path":"/Users/victorliu/Desktop/product-reviews-victor/client/src/components/Sidebar/Stars/Stars.jsx","statementMap":{"0":{"start":{"line":10,"column":4},"end":{"line":10,"column":17}},"1":{"start":{"line":14,"column":4},"end":{"line":85,"column":6}}},"fnMap":{"0":{"name":"(anonymous_0)","decl":{"start":{"line":9,"column":2},"end":{"line":9,"column":3}},"loc":{"start":{"line":9,"column":21},"end":{"line":11,"column":3}},"line":9},"1":{"name":"(anonymous_1)","decl":{"start":{"line":13,"column":2},"end":{"line":13,"column":3}},"loc":{"start":{"line":13,"column":11},"end":{"line":86,"column":3}},"line":13}},"branchMap":{},"s":{"0":1,"1":1},"f":{"0":1,"1":1},"b":{},"_coverageSchema":"43e27e138ebf9cfc5966b082cf9a028302ed4184","hash":"c36edfcbe848700aa8639d75280af37b2124e6f1"}
,"/Users/victorliu/Desktop/product-reviews-victor/client/src/components/Sidebar/Stars/Stars.style.js": {"path":"/Users/victorliu/Desktop/product-reviews-victor/client/src/components/Sidebar/Stars/Stars.style.js","statementMap":{"0":{"start":{"line":3,"column":21},"end":{"line":12,"column":1}},"1":{"start":{"line":14,"column":26},"end":{"line":18,"column":1}},"2":{"start":{"line":20,"column":22},"end":{"line":32,"column":1}},"3":{"start":{"line":34,"column":20},"end":{"line":40,"column":1}},"4":{"start":{"line":42,"column":22},"end":{"line":50,"column":1}},"5":{"start":{"line":52,"column":22},"end":{"line":55,"column":1}},"6":{"start":{"line":57,"column":23},"end":{"line":63,"column":1}},"7":{"start":{"line":65,"column":27},"end":{"line":76,"column":1}},"8":{"start":{"line":78,"column":23},"end":{"line":85,"column":1}}},"fnMap":{},"branchMap":{},"s":{"0":3,"1":3,"2":3,"3":3,"4":3,"5":3,"6":3,"7":3,"8":3},"f":{},"b":{},"_coverageSchema":"43e27e138ebf9cfc5966b082cf9a028302ed4184","hash":"18493b04d3a90714bf545a302eeb9dd098091936"}
,"/Users/victorliu/Desktop/product-reviews-victor/client/src/components/Sidebar/Thoughts/Thoughts.jsx": {"path":"/Users/victorliu/Desktop/product-reviews-victor/client/src/components/Sidebar/Thoughts/Thoughts.jsx","statementMap":{"0":{"start":{"line":9,"column":4},"end":{"line":9,"column":17}},"1":{"start":{"line":13,"column":4},"end":{"line":22,"column":6}}},"fnMap":{"0":{"name":"(anonymous_0)","decl":{"start":{"line":8,"column":2},"end":{"line":8,"column":3}},"loc":{"start":{"line":8,"column":21},"end":{"line":10,"column":3}},"line":8},"1":{"name":"(anonymous_1)","decl":{"start":{"line":12,"column":2},"end":{"line":12,"column":3}},"loc":{"start":{"line":12,"column":11},"end":{"line":23,"column":3}},"line":12}},"branchMap":{},"s":{"0":1,"1":1},"f":{"0":1,"1":1},"b":{},"_coverageSchema":"43e27e138ebf9cfc5966b082cf9a028302ed4184","hash":"995d56d7ccb01bb726a81610e98bd892175aef4d"}
,"/Users/victorliu/Desktop/product-reviews-victor/client/src/components/Sidebar/Thoughts/Thoughts.style.js": {"path":"/Users/victorliu/Desktop/product-reviews-victor/client/src/components/Sidebar/Thoughts/Thoughts.style.js","statementMap":{"0":{"start":{"line":3,"column":22},"end":{"line":8,"column":1}},"1":{"start":{"line":10,"column":22},"end":{"line":30,"column":1}},"2":{"start":{"line":32,"column":21},"end":{"line":41,"column":1}},"3":{"start":{"line":43,"column":25},"end":{"line":46,"column":1}}},"fnMap":{},"branchMap":{},"s":{"0":3,"1":3,"2":3,"3":3},"f":{},"b":{},"_coverageSchema":"43e27e138ebf9cfc5966b082cf9a028302ed4184","hash":"9062a590924cb5aa15b719df00674161459c7e7e"}
}
