TN:
SF:/Users/victorliu/Desktop/product-reviews-victor/client/src/components/App.jsx
FN:18,(anonymous_0)
FN:22,(anonymous_1)
FNF:2
FNH:2
FNDA:1,(anonymous_0)
FNDA:1,(anonymous_1)
DA:9,1
DA:19,1
DA:23,1
LF:3
LH:3
BRF:0
BRH:0
end_of_record
TN:
SF:/Users/victorliu/Desktop/product-reviews-victor/client/src/components/Reviews/Review.style.js
FNF:0
FNH:0
DA:3,2
DA:10,2
LF:2
LH:2
BRF:0
BRH:0
end_of_record
TN:
SF:/Users/victorliu/Desktop/product-reviews-victor/client/src/components/Reviews/Reviews.jsx
FN:12,(anonymous_0)
FN:16,(anonymous_1)
FNF:2
FNH:2
FNDA:1,(anonymous_0)
FNDA:1,(anonymous_1)
DA:13,1
DA:17,1
LF:2
LH:2
BRF:0
BRH:0
end_of_record
TN:
SF:/Users/victorliu/Desktop/product-reviews-victor/client/src/components/Reviews/Images/Images.jsx
FN:10,(anonymous_0)
FN:17,(anonymous_1)
FN:19,(anonymous_2)
FN:25,(anonymous_3)
FNF:4
FNH:3
FNDA:1,(anonymous_0)
FNDA:1,(anonymous_1)
FNDA:0,(anonymous_2)
FNDA:1,(anonymous_3)
DA:7,3
DA:11,1
DA:12,1
DA:18,1
DA:21,0
DA:26,1
LF:6
LH:5
BRF:0
BRH:0
end_of_record
TN:
SF:/Users/victorliu/Desktop/product-reviews-victor/client/src/components/Reviews/Images/Images.style.js
FNF:0
FNH:0
DA:3,3
DA:13,3
DA:24,3
LF:3
LH:3
BRF:0
BRH:0
end_of_record
TN:
SF:/Users/victorliu/Desktop/product-reviews-victor/client/src/components/Reviews/Mention/Buttons.jsx
FN:5,(anonymous_0)
FN:14,(anonymous_1)
FN:21,(anonymous_2)
FNF:3
FNH:2
FNDA:1,(anonymous_0)
FNDA:0,(anonymous_1)
FNDA:1,(anonymous_2)
DA:6,1
DA:7,1
DA:11,1
DA:15,0
DA:22,1
DA:23,1
DA:24,1
DA:34,1
DA:38,1
LF:9
LH:8
BRDA:22,0,0,1
BRDA:22,0,1,0
BRDA:23,1,0,1
BRDA:23,1,1,0
BRF:4
BRH:2
end_of_record
TN:
SF:/Users/victorliu/Desktop/product-reviews-victor/client/src/components/Reviews/Mention/Mention.jsx
FN:12,(anonymous_0)
FNF:1
FNH:1
FNDA:1,(anonymous_0)
DA:13,1
LF:1
LH:1
BRF:0
BRH:0
end_of_record
TN:
SF:/Users/victorliu/Desktop/product-reviews-victor/client/src/components/Reviews/Mention/Mention.style.js
FNF:0
FNH:0
DA:3,3
DA:14,3
LF:2
LH:2
BRF:0
BRH:0
end_of_record
TN:
SF:/Users/victorliu/Desktop/product-reviews-victor/client/src/components/Reviews/ReviewList/ReviewList.jsx
FN:11,(anonymous_0)
FNF:1
FNH:1
FNDA:1,(anonymous_0)
DA:12,1
LF:1
LH:1
BRF:0
BRH:0
end_of_record
TN:
SF:/Users/victorliu/Desktop/product-reviews-victor/client/src/components/Reviews/ReviewList/ReviewList.style.js
FNF:0
FNH:0
DA:3,3
DA:24,3
DA:29,3
DA:35,3
DA:46,3
DA:51,3
LF:6
LH:6
BRF:0
BRH:0
end_of_record
TN:
SF:/Users/victorliu/Desktop/product-reviews-victor/client/src/components/Reviews/WriteReview/WriteReview.jsx
FN:7,(anonymous_0)
FNF:1
FNH:1
FNDA:1,(anonymous_0)
DA:8,1
LF:1
LH:1
BRF:0
BRH:0
end_of_record
TN:
SF:/Users/victorliu/Desktop/product-reviews-victor/client/src/components/Reviews/WriteReview/WriteReview.style.js
FNF:0
FNH:0
DA:3,3
DA:13,3
LF:2
LH:2
BRF:0
BRH:0
end_of_record
TN:
SF:/Users/victorliu/Desktop/product-reviews-victor/client/src/components/Sidebar/Sidebar.jsx
FN:20,(anonymous_0)
FN:24,(anonymous_1)
FNF:2
FNH:2
FNDA:1,(anonymous_0)
FNDA:1,(anonymous_1)
DA:11,2
DA:21,1
DA:25,1
LF:3
LH:3
BRF:0
BRH:0
end_of_record
TN:
SF:/Users/victorliu/Desktop/product-reviews-victor/client/src/components/Sidebar/Feature/Feature.jsx
FN:8,(anonymous_0)
FN:12,(anonymous_1)
FNF:2
FNH:2
FNDA:1,(anonymous_0)
FNDA:1,(anonymous_1)
DA:9,1
DA:13,1
LF:2
LH:2
BRF:0
BRH:0
end_of_record
TN:
SF:/Users/victorliu/Desktop/product-reviews-victor/client/src/components/Sidebar/Feature/Feature.style.js
FNF:0
FNH:0
DA:3,3
DA:10,3
DA:16,3
DA:27,3
DA:32,3
LF:5
LH:5
BRF:0
BRH:0
end_of_record
TN:
SF:/Users/victorliu/Desktop/product-reviews-victor/client/src/components/Sidebar/Interests/Interests.jsx
FN:8,(anonymous_0)
FN:12,(anonymous_1)
FNF:2
FNH:2
FNDA:1,(anonymous_0)
FNDA:1,(anonymous_1)
DA:9,1
DA:13,1
LF:2
LH:2
BRF:0
BRH:0
end_of_record
TN:
SF:/Users/victorliu/Desktop/product-reviews-victor/client/src/components/Sidebar/Interests/Interests.style.js
FNF:0
FNH:0
DA:3,3
DA:10,3
DA:16,3
DA:36,3
DA:47,3
DA:52,3
DA:59,3
LF:7
LH:7
BRF:0
BRH:0
end_of_record
TN:
SF:/Users/victorliu/Desktop/product-reviews-victor/client/src/components/Sidebar/Stars/Stars.jsx
FN:9,(anonymous_0)
FN:13,(anonymous_1)
FNF:2
FNH:2
FNDA:1,(anonymous_0)
FNDA:1,(anonymous_1)
DA:10,1
DA:14,1
LF:2
LH:2
BRF:0
BRH:0
end_of_record
TN:
SF:/Users/victorliu/Desktop/product-reviews-victor/client/src/components/Sidebar/Stars/Stars.style.js
FNF:0
FNH:0
DA:3,3
DA:14,3
DA:20,3
DA:34,3
DA:42,3
DA:52,3
DA:57,3
DA:65,3
DA:78,3
LF:9
LH:9
BRF:0
BRH:0
end_of_record
TN:
SF:/Users/victorliu/Desktop/product-reviews-victor/client/src/components/Sidebar/Thoughts/Thoughts.jsx
FN:8,(anonymous_0)
FN:12,(anonymous_1)
FNF:2
FNH:2
FNDA:1,(anonymous_0)
FNDA:1,(anonymous_1)
DA:9,1
DA:13,1
LF:2
LH:2
BRF:0
BRH:0
end_of_record
TN:
SF:/Users/victorliu/Desktop/product-reviews-victor/client/src/components/Sidebar/Thoughts/Thoughts.style.js
FNF:0
FNH:0
DA:3,3
DA:10,3
DA:32,3
DA:43,3
LF:4
LH:4
BRF:0
BRH:0
end_of_record
